[debug] [2023-06-20T17:04:24.105Z] ----------------------------------------------------------------------
[debug] [2023-06-20T17:04:24.107Z] Command:       /usr/bin/node /usr/local/bin/firebase init
[debug] [2023-06-20T17:04:24.107Z] CLI Version:   12.4.0
[debug] [2023-06-20T17:04:24.107Z] Platform:      linux
[debug] [2023-06-20T17:04:24.107Z] Node Version:  v16.19.1
[debug] [2023-06-20T17:04:24.107Z] Time:          Tue Jun 20 2023 22:34:24 GMT+0530 (India Standard Time)
[debug] [2023-06-20T17:04:24.108Z] ----------------------------------------------------------------------
[debug] 
[debug] [2023-06-20T17:04:24.111Z] > command requires scopes: ["email","openid","https://www.googleapis.com/auth/cloudplatformprojects.readonly","https://www.googleapis.com/auth/firebase","https://www.googleapis.com/auth/cloud-platform"]
[debug] [2023-06-20T17:04:24.111Z] > authorizing via signed-in user (kuralanban5@gmail.com)
[info] 
     ######## #### ########  ######## ########     ###     ######  ########
     ##        ##  ##     ## ##       ##     ##  ##   ##  ##       ##
     ######    ##  ########  ######   ########  #########  ######  ######
     ##        ##  ##    ##  ##       ##     ## ##     ##       ## ##
     ##       #### ##     ## ######## ########  ##     ##  ######  ########

You're about to initialize a Firebase project in this directory:

  /home/asplap3275/Desktop/twisks-fe/Front_End

[info] 
=== Project Setup
[info] 
[info] First, let's associate this project directory with a Firebase project.
[info] You can create multiple project aliases by running firebase use --add, 
[info] but for now we'll just set up a default project.
[info] 
[info] i  If you want to create a project in a Google Cloud organization or folder, please use "firebase projects:create" instead, and return to this command when you've created the project. 
[debug] [2023-06-20T17:05:24.152Z] >>> [apiv2][query] POST https://cloudresourcemanager.googleapis.com/v1/projects [none]
[debug] [2023-06-20T17:05:24.153Z] >>> [apiv2][body] POST https://cloudresourcemanager.googleapis.com/v1/projects {"projectId":"twisks","name":"Twisks"}
[debug] [2023-06-20T17:05:25.611Z] <<< [apiv2][status] POST https://cloudresourcemanager.googleapis.com/v1/projects 409
[debug] [2023-06-20T17:05:25.612Z] <<< [apiv2][body] POST https://cloudresourcemanager.googleapis.com/v1/projects {"error":{"code":409,"message":"Requested entity already exists","status":"ALREADY_EXISTS"}}
[debug] [2023-06-20T17:05:25.757Z] FirebaseError: HTTP Error: 409, Requested entity already exists
    at responseToError (/usr/local/lib/node_modules/firebase-tools/lib/responseToError.js:49:12)
    at RetryOperation._fn (/usr/local/lib/node_modules/firebase-tools/lib/apiv2.js:288:77)
    at processTicksAndRejections (node:internal/process/task_queues:96:5)
[error] 
[error] Error: Failed to create project because there is already a project with ID twisks. Please try again with a unique project ID.
[debug] [2023-06-20T17:05:32.995Z] ----------------------------------------------------------------------
[debug] [2023-06-20T17:05:32.996Z] Command:       /usr/bin/node /usr/local/bin/firebase init
[debug] [2023-06-20T17:05:32.996Z] CLI Version:   12.4.0
[debug] [2023-06-20T17:05:32.997Z] Platform:      linux
[debug] [2023-06-20T17:05:32.997Z] Node Version:  v16.19.1
[debug] [2023-06-20T17:05:32.997Z] Time:          Tue Jun 20 2023 22:35:32 GMT+0530 (India Standard Time)
[debug] [2023-06-20T17:05:32.997Z] ----------------------------------------------------------------------
[debug] 
[debug] [2023-06-20T17:05:33.001Z] > command requires scopes: ["email","openid","https://www.googleapis.com/auth/cloudplatformprojects.readonly","https://www.googleapis.com/auth/firebase","https://www.googleapis.com/auth/cloud-platform"]
[debug] [2023-06-20T17:05:33.001Z] > authorizing via signed-in user (kuralanban5@gmail.com)
[info] 
     ######## #### ########  ######## ########     ###     ######  ########
     ##        ##  ##     ## ##       ##     ##  ##   ##  ##       ##
     ######    ##  ########  ######   ########  #########  ######  ######
     ##        ##  ##    ##  ##       ##     ## ##     ##       ## ##
     ##       #### ##     ## ######## ########  ##     ##  ######  ########

You're about to initialize a Firebase project in this directory:

  /home/asplap3275/Desktop/twisks-fe/Front_End

[info] 
=== Project Setup
[info] 
[info] First, let's associate this project directory with a Firebase project.
[info] You can create multiple project aliases by running firebase use --add, 
[info] but for now we'll just set up a default project.
[info] 
[info] i  If you want to create a project in a Google Cloud organization or folder, please use "firebase projects:create" instead, and return to this command when you've created the project. 
[debug] [2023-06-20T17:06:14.989Z] >>> [apiv2][query] POST https://cloudresourcemanager.googleapis.com/v1/projects [none]
[debug] [2023-06-20T17:06:14.990Z] >>> [apiv2][body] POST https://cloudresourcemanager.googleapis.com/v1/projects {"projectId":"twisksAspire","name":"twisksAspire"}
[debug] [2023-06-20T17:06:16.316Z] <<< [apiv2][status] POST https://cloudresourcemanager.googleapis.com/v1/projects 400
[debug] [2023-06-20T17:06:16.317Z] <<< [apiv2][body] POST https://cloudresourcemanager.googleapis.com/v1/projects {"error":{"code":400,"message":"field [project_id] has issue [project_id contains invalid characters]","status":"INVALID_ARGUMENT","details":[{"@type":"type.googleapis.com/google.rpc.BadRequest","fieldViolations":[{"field":"project_id","description":"project_id contains invalid characters"}]},{"@type":"type.googleapis.com/google.rpc.Help","links":[{"url":"https://cloud.google.com/resource-manager/reference/rest/v1/projects"}]}]}}
[debug] [2023-06-20T17:06:16.521Z] FirebaseError: HTTP Error: 400, field [project_id] has issue [project_id contains invalid characters]
    at responseToError (/usr/local/lib/node_modules/firebase-tools/lib/responseToError.js:49:12)
    at RetryOperation._fn (/usr/local/lib/node_modules/firebase-tools/lib/apiv2.js:288:77)
    at processTicksAndRejections (node:internal/process/task_queues:96:5)
[error] 
[error] Error: Failed to create project. See firebase-debug.log for more info.
